C51 COMPILER V9.01   LCD                                                                   06/14/2020 20:47:48 PAGE 1   


C51 COMPILER V9.01, COMPILATION OF MODULE LCD
OBJECT MODULE PLACED IN .\Lcd.obj
COMPILER INVOKED BY: C:\Keil\C51\BIN\C51.EXE ..\Lib\Lcd.c BROWSE DEBUG OBJECTEXTEND PRINT(.\Lcd.lst) OBJECT(.\Lcd.obj)

line level    source

   1          #include"main.h"
   2          #include"port.h"
   3          #include"..\Lib\Delay.h"
   4          
   5          void Lcd_Cmd(unsigned char cmd)
   6          {
   7   1              P2_2 = 1 ; 
   8   1              LCD_RS = 0;
   9   1              LCD_DATA = cmd;
  10   1              LCD_EN = 0;
  11   1              Delay_ms(10);
  12   1              LCD_EN = 1;
  13   1      
  14   1              if(cmd<=0x02)
  15   1              {
  16   2                      Delay_ms(2);
  17   2              }
  18   1              else
  19   1              {
  20   2                      Delay_ms(1);
  21   2              }
  22   1      }
  23          
  24          void Lcd_Chr_Cp(char c)         // Current Position
  25          {
  26   1              P2_2 = 1 ;  
  27   1              LCD_RS = 1;
  28   1              LCD_DATA = c;
  29   1              LCD_EN = 0;
  30   1              Delay_ms(10);
  31   1              LCD_EN = 1;
  32   1              Delay_ms(1);
  33   1      }
  34          
  35          void Lcd_Out_Cp(char *str)
  36          {
  37   1              unsigned char i = 0;
  38   1              while(str[i]!=0)
  39   1              {
  40   2                      Lcd_Chr_Cp(str[i]);
  41   2                      i++;
  42   2              }
  43   1      }
  44          
  45          void Display(unsigned char SoBan)
  46          {
  47   1              // Bat hien thi tat con tro 
  48   1              Lcd_Cmd(0x0C);
  49   1      
  50   1              // Xoa toan bo noi dung tren LCD
  51   1              Lcd_Cmd(0x01);
  52   1      
  53   1              // Hien thi chuoi "Ban So X " 
  54   1              Lcd_Out_Cp("Ban So ");     
  55   1              Lcd_Chr_Cp(SoBan / 10 + 48 )    ;
C51 COMPILER V9.01   LCD                                                                   06/14/2020 20:47:48 PAGE 2   

  56   1              Lcd_Chr_Cp(SoBan % 10 + 48 )    ;               
  57   1      }
  58          


MODULE INFORMATION:   STATIC OVERLAYABLE
   CODE SIZE        =    145    ----
   CONSTANT SIZE    =      8    ----
   XDATA SIZE       =   ----    ----
   PDATA SIZE       =   ----    ----
   DATA SIZE        =   ----       6
   IDATA SIZE       =   ----    ----
   BIT SIZE         =   ----    ----
END OF MODULE INFORMATION.


C51 COMPILATION COMPLETE.  0 WARNING(S),  0 ERROR(S)
